app/build/intermediates/manifest_merge_blame_file/debug/manifest-merger-blame-debug-report.txt
1<?xml version="1.0" encoding="utf-8"?>
2<manifest xmlns:android="http://schemas.android.com/apk/res/android"
3    package="org.me.gcu.mobplatcw"
4    android:versionCode="1"
5    android:versionName="1.0" >
6
7    <uses-sdk
8        android:minSdkVersion="23"
8-->src\main\AndroidManifest.xml
9        android:targetSdkVersion="32" />
9-->src\main\AndroidManifest.xml
10
11    <uses-permission android:name="android.permission.INTERNET" />
11-->src\main\AndroidManifest.xml:5:5-67
11-->src\main\AndroidManifest.xml:5:22-64
12
13    <!-- Include required permissions for Google Maps API to run. -->
14    <uses-permission android:name="android.permission.ACCESS_NETWORK_STATE" />
14-->[com.google.android.gms:play-services-maps:18.0.2] AndroidManifest.xml:23:5-79
14-->[com.google.android.gms:play-services-maps:18.0.2] AndroidManifest.xml:23:22-76
15
16    <uses-feature
16-->[com.google.android.gms:play-services-maps:18.0.2] AndroidManifest.xml:26:5-28:35
17        android:glEsVersion="0x00020000"
17-->[com.google.android.gms:play-services-maps:18.0.2] AndroidManifest.xml:27:9-41
18        android:required="true" />
18-->[com.google.android.gms:play-services-maps:18.0.2] AndroidManifest.xml:28:9-32
19
20    <queries>
20-->[com.google.android.gms:play-services-maps:18.0.2] AndroidManifest.xml:30:5-34:15
21
22        <!-- Needs to be explicitly declared on Android R+ -->
23        <package android:name="com.google.android.apps.maps" />
23-->[com.google.android.gms:play-services-maps:18.0.2] AndroidManifest.xml:33:9-64
23-->[com.google.android.gms:play-services-maps:18.0.2] AndroidManifest.xml:33:18-61
24    </queries>
25
26    <application
26-->src\main\AndroidManifest.xml:7:5-32:19
27        android:allowBackup="true"
27-->src\main\AndroidManifest.xml:8:9-35
28        android:appComponentFactory="androidx.core.app.CoreComponentFactory"
28-->[androidx.core:core:1.7.0] AndroidManifest.xml:24:18-86
29        android:debuggable="true"
30        android:extractNativeLibs="false"
31        android:icon="@mipmap/ic_launcher"
31-->src\main\AndroidManifest.xml:9:9-43
32        android:label="@string/app_name"
32-->src\main\AndroidManifest.xml:10:9-41
33        android:roundIcon="@mipmap/ic_launcher_round"
33-->src\main\AndroidManifest.xml:11:9-54
34        android:supportsRtl="true"
34-->src\main\AndroidManifest.xml:12:9-35
35        android:testOnly="true"
36        android:theme="@style/Theme.MobPlatCW"
36-->src\main\AndroidManifest.xml:13:9-47
37        android:usesCleartextTraffic="true" >
37-->src\main\AndroidManifest.xml:14:9-44
38        <meta-data
39            android:name="com.google.android.geo.API_KEY"
39-->src\main\AndroidManifest.xml:17:13-58
40            android:value="AIzaSyBgPC9NKCVzuZeiny5iIbQsReD5kDVgjFQ" />
40-->src\main\AndroidManifest.xml:18:13-44
41
42        <activity
42-->src\main\AndroidManifest.xml:19:9-22:46
43            android:name="org.me.gcu.Peretti_Chiara_S1831819.RoadworkActivity"
43-->src\main\AndroidManifest.xml:20:13-45
44            android:exported="false"
44-->src\main\AndroidManifest.xml:21:13-37
45            android:label="RoadworkDetails" />
45-->src\main\AndroidManifest.xml:22:13-44
46        <activity
46-->src\main\AndroidManifest.xml:23:9-31:20
47            android:name="org.me.gcu.Peretti_Chiara_S1831819.MainActivity"
47-->src\main\AndroidManifest.xml:24:13-41
48            android:exported="true" >
48-->src\main\AndroidManifest.xml:25:13-36
49            <intent-filter>
49-->src\main\AndroidManifest.xml:26:13-30:29
50                <action android:name="android.intent.action.MAIN" />
50-->src\main\AndroidManifest.xml:27:17-69
50-->src\main\AndroidManifest.xml:27:25-66
51
52                <category android:name="android.intent.category.LAUNCHER" />
52-->src\main\AndroidManifest.xml:29:17-77
52-->src\main\AndroidManifest.xml:29:27-74
53            </intent-filter>
54        </activity>
55        <!-- Needs to be explicitly declared on P+ -->
56        <uses-library
56-->[com.google.android.gms:play-services-maps:18.0.2] AndroidManifest.xml:39:9-41:40
57            android:name="org.apache.http.legacy"
57-->[com.google.android.gms:play-services-maps:18.0.2] AndroidManifest.xml:40:13-50
58            android:required="false" />
58-->[com.google.android.gms:play-services-maps:18.0.2] AndroidManifest.xml:41:13-37
59
60        <activity
60-->[com.google.android.gms:play-services-base:18.0.1] AndroidManifest.xml:20:9-22:45
61            android:name="com.google.android.gms.common.api.GoogleApiActivity"
61-->[com.google.android.gms:play-services-base:18.0.1] AndroidManifest.xml:20:19-85
62            android:exported="false"
62-->[com.google.android.gms:play-services-base:18.0.1] AndroidManifest.xml:22:19-43
63            android:theme="@android:style/Theme.Translucent.NoTitleBar" />
63-->[com.google.android.gms:play-services-base:18.0.1] AndroidManifest.xml:21:19-78
64
65        <meta-data
65-->[com.google.android.gms:play-services-basement:18.0.0] AndroidManifest.xml:21:9-23:69
66            android:name="com.google.android.gms.version"
66-->[com.google.android.gms:play-services-basement:18.0.0] AndroidManifest.xml:22:13-58
67            android:value="@integer/google_play_services_version" />
67-->[com.google.android.gms:play-services-basement:18.0.0] AndroidManifest.xml:23:13-66
68
69        <provider
69-->[androidx.emoji2:emoji2:1.0.0] AndroidManifest.xml:26:9-34:20
70            android:name="androidx.startup.InitializationProvider"
70-->[androidx.emoji2:emoji2:1.0.0] AndroidManifest.xml:27:13-67
71            android:authorities="org.me.gcu.mobplatcw.androidx-startup"
71-->[androidx.emoji2:emoji2:1.0.0] AndroidManifest.xml:28:13-68
72            android:exported="false" >
72-->[androidx.emoji2:emoji2:1.0.0] AndroidManifest.xml:29:13-37
73            <meta-data
73-->[androidx.emoji2:emoji2:1.0.0] AndroidManifest.xml:31:13-33:52
74                android:name="androidx.emoji2.text.EmojiCompatInitializer"
74-->[androidx.emoji2:emoji2:1.0.0] AndroidManifest.xml:32:17-75
75                android:value="androidx.startup" />
75-->[androidx.emoji2:emoji2:1.0.0] AndroidManifest.xml:33:17-49
76            <meta-data
76-->[androidx.lifecycle:lifecycle-process:2.4.0] AndroidManifest.xml:31:13-33:52
77                android:name="androidx.lifecycle.ProcessLifecycleInitializer"
77-->[androidx.lifecycle:lifecycle-process:2.4.0] AndroidManifest.xml:32:17-78
78                android:value="androidx.startup" />
78-->[androidx.lifecycle:lifecycle-process:2.4.0] AndroidManifest.xml:33:17-49
79        </provider>
80    </application>
81
82</manifest>